<?xml version="1.0" encoding="UTF-8"?>
<!-- Generated by org.testng.reporters.JUnitXMLReporter -->
<testsuite ignored="0" hostname="DESKTOP-KP39UUC" failures="0" tests="18" name="Test2" time="0.322" errors="0" timestamp="2024-08-07T11:14:49 IST">
  <testcase classname="com.Amokartproject.kidsproducttest.kidsProductTest4" name="addProduct" time="0.003"/>
  <testcase classname="com.Amokartproject.kidsproducttest.kidsProductTest4" name="addProduct" time="0.004"/>
  <testcase classname="com.Amokartproject.kidsproducttest.kidsProductTest4" name="deleteProduct" time="0.004"/>
  <testcase classname="com.Amokartproject.kidsproducttest.kidsProductTest4" name="deleteProduct" time="0.003"/>
  <testcase classname="com.Amokartproject.kidsproducttest.kidsProductTest4" name="updateProduct" time="0.002"/>
  <testcase classname="com.Amokartproject.kidsproducttest.kidsProductTest4" name="updateProduct" time="0.002"/>
  <testcase classname="com.Amokartproject.kidsproducttest.kidsProductTest5" name="addProduct" time="0.002"/>
  <testcase classname="com.Amokartproject.kidsproducttest.kidsProductTest5" name="addProduct" time="0.002"/>
  <testcase classname="com.Amokartproject.kidsproducttest.kidsProductTest5" name="deleteProduct" time="0.005"/>
  <testcase classname="com.Amokartproject.kidsproducttest.kidsProductTest5" name="deleteProduct" time="0.002"/>
  <testcase classname="com.Amokartproject.kidsproducttest.kidsProductTest5" name="updateProduct" time="0.004"/>
  <testcase classname="com.Amokartproject.kidsproducttest.kidsProductTest5" name="updateProduct" time="0.007"/>
  <testcase classname="com.Amokartproject.kidsproducttest.kidsProductTest6" name="addProduct" time="0.008"/>
  <testcase classname="com.Amokartproject.kidsproducttest.kidsProductTest6" name="addProduct" time="0.01"/>
  <testcase classname="com.Amokartproject.kidsproducttest.kidsProductTest6" name="deleteProduct" time="0.006"/>
  <testcase classname="com.Amokartproject.kidsproducttest.kidsProductTest6" name="deleteProduct" time="0.007"/>
  <testcase classname="com.Amokartproject.kidsproducttest.kidsProductTest6" name="updateProduct" time="0.008"/>
  <testcase classname="com.Amokartproject.kidsproducttest.kidsProductTest6" name="updateProduct" time="0.005"/>
</testsuite> <!-- Test2 -->
