<?xml version="1.0" encoding="UTF-8"?>
<!-- Generated by org.testng.reporters.JUnitXMLReporter -->
<testsuite ignored="0" hostname="DESKTOP-KP39UUC" failures="0" tests="18" name="Test3" time="0.183" errors="0" timestamp="2024-08-07T11:14:49 IST">
  <testcase classname="com.Amokartproject.kidsproducttest.kidsProductTest8" name="addProduct" time="0.005"/>
  <testcase classname="com.Amokartproject.kidsproducttest.kidsProductTest8" name="addProduct" time="0.003"/>
  <testcase classname="com.Amokartproject.kidsproducttest.kidsProductTest8" name="deleteProduct" time="0.007"/>
  <testcase classname="com.Amokartproject.kidsproducttest.kidsProductTest8" name="deleteProduct" time="0.002"/>
  <testcase classname="com.Amokartproject.kidsproducttest.kidsProductTest8" name="updateProduct" time="0.02"/>
  <testcase classname="com.Amokartproject.kidsproducttest.kidsProductTest8" name="updateProduct" time="0.012"/>
  <testcase classname="com.Amokartproject.kidsproducttest.kidsProductTest9" name="addProduct" time="0.009"/>
  <testcase classname="com.Amokartproject.kidsproducttest.kidsProductTest9" name="addProduct" time="0.003"/>
  <testcase classname="com.Amokartproject.kidsproducttest.kidsProductTest9" name="deleteProduct" time="0.002"/>
  <testcase classname="com.Amokartproject.kidsproducttest.kidsProductTest9" name="deleteProduct" time="0.002"/>
  <testcase classname="com.Amokartproject.kidsproducttest.kidsProductTest9" name="updateProduct" time="0.002"/>
  <testcase classname="com.Amokartproject.kidsproducttest.kidsProductTest9" name="updateProduct" time="0.003"/>
  <testcase classname="com.Amokartproject.kidsproducttest.kidsProductTest10" name="addProduct" time="0.001"/>
  <testcase classname="com.Amokartproject.kidsproducttest.kidsProductTest10" name="addProduct" time="0.002"/>
  <testcase classname="com.Amokartproject.kidsproducttest.kidsProductTest10" name="deleteProduct" time="0.002"/>
  <testcase classname="com.Amokartproject.kidsproducttest.kidsProductTest10" name="deleteProduct" time="0.002"/>
  <testcase classname="com.Amokartproject.kidsproducttest.kidsProductTest10" name="updateProduct" time="0.007"/>
  <testcase classname="com.Amokartproject.kidsproducttest.kidsProductTest10" name="updateProduct" time="0.002"/>
</testsuite> <!-- Test3 -->
