<?xml version="1.0" encoding="UTF-8"?>
<!-- Generated by org.testng.reporters.JUnitXMLReporter -->
<testsuite ignored="1" hostname="DESKTOP-KP39UUC" failures="0" tests="3" name="Test" time="42.451" errors="0" timestamp="2024-08-08T10:55:59 IST">
  <testcase classname="com.Amokartproject.registertest.RegisterTest" name="createUser_invalidData" time="10.387"/>
  <testcase classname="com.Amokartproject.registertest.RegisterTest" name="createUser_invalidData" time="9.716"/>
  <testcase classname="com.Amokartproject.registertest.RegisterTest" name="createUser_invalidData" time="9.623"/>
  <testcase classname="com.Amokartproject.registertest.RegisterTest" name="createUser_validData" time="0.0">
    <ignored/>
  </testcase> <!-- createUser_validData -->
</testsuite> <!-- Test -->
