<?xml version="1.0" encoding="UTF-8"?>
<!-- Generated by org.testng.reporters.JUnitXMLReporter -->
<testsuite ignored="0" hostname="DESKTOP-KP39UUC" failures="0" tests="16" name="Test1" time="0.447" errors="0" timestamp="2024-08-07T11:14:49 IST">
  <testcase classname="com.Amokartproject.kidsproducttest.kidsProductTest1" name="addProduct" time="0.079"/>
  <testcase classname="com.Amokartproject.kidsproducttest.kidsProductTest1" name="addProduct" time="0.014"/>
  <testcase classname="com.Amokartproject.kidsproducttest.kidsProductTest1" name="updateProduct" time="0.005"/>
  <testcase classname="com.Amokartproject.kidsproducttest.kidsProductTest1" name="deleteProduct" time="0.013"/>
  <testcase classname="com.Amokartproject.kidsproducttest.kidsProductTest2" name="addProduct" time="0.015"/>
  <testcase classname="com.Amokartproject.kidsproducttest.kidsProductTest2" name="addProduct" time="0.003"/>
  <testcase classname="com.Amokartproject.kidsproducttest.kidsProductTest2" name="deleteProduct" time="0.007"/>
  <testcase classname="com.Amokartproject.kidsproducttest.kidsProductTest2" name="deleteProduct" time="0.004"/>
  <testcase classname="com.Amokartproject.kidsproducttest.kidsProductTest2" name="updateProduct" time="0.004"/>
  <testcase classname="com.Amokartproject.kidsproducttest.kidsProductTest2" name="updateProduct" time="0.004"/>
  <testcase classname="com.Amokartproject.kidsproducttest.kidsProductTest3" name="addProduct" time="0.003"/>
  <testcase classname="com.Amokartproject.kidsproducttest.kidsProductTest3" name="addProduct" time="0.005"/>
  <testcase classname="com.Amokartproject.kidsproducttest.kidsProductTest3" name="deleteProduct" time="0.005"/>
  <testcase classname="com.Amokartproject.kidsproducttest.kidsProductTest3" name="deleteProduct" time="0.003"/>
  <testcase classname="com.Amokartproject.kidsproducttest.kidsProductTest3" name="updateProduct" time="0.007"/>
  <testcase classname="com.Amokartproject.kidsproducttest.kidsProductTest3" name="updateProduct" time="0.003"/>
</testsuite> <!-- Test1 -->
