<?xml version="1.0" encoding="UTF-8"?>
<!-- Generated by org.testng.reporters.JUnitXMLReporter -->
<testsuite ignored="1" hostname="DESKTOP-KP39UUC" failures="0" tests="3" name="Test" time="49.673" errors="0" timestamp="2024-08-26T16:03:43 IST">
  <testcase classname="com.Amokartproject.registertest.RegisterOriginalTest" name="createUser_invalidData" time="11.132"/>
  <testcase classname="com.Amokartproject.registertest.RegisterOriginalTest" name="createUser_invalidData" time="9.588"/>
  <testcase classname="com.Amokartproject.registertest.RegisterOriginalTest" name="createUser_invalidData" time="9.613"/>
  <testcase classname="com.Amokartproject.registertest.RegisterOriginalTest" name="createUser_validData" time="0.0">
    <ignored/>
  </testcase> <!-- createUser_validData -->
</testsuite> <!-- Test -->
