<?xml version="1.0" encoding="UTF-8"?>
<testng-results ignored="0" total="1" passed="1" failed="0" skipped="0">
  <reporter-output>
    <line>
      <![CDATA[get SuiteConnections done Successful]]>
    </line>
    <line>
      <![CDATA[Pre Condition Successful]]>
    </line>
    <line>
      <![CDATA[BrowserSetup chromesuccessful]]>
    </line>
    <line>
      <![CDATA[Login Successful]]>
    </line>
    <line>
      <![CDATA[Logout Successful]]>
    </line>
    <line>
      <![CDATA[CloseBrowser Successful]]>
    </line>
    <line>
      <![CDATA[Post condition done Successful]]>
    </line>
    <line>
      <![CDATA[terminate SuiteConnections done Successful]]>
    </line>
  </reporter-output>
  <suite started-at="2024-09-02T16:55:19 IST" name="Suite" finished-at="2024-09-02T16:55:30 IST" duration-ms="11051">
    <groups>
    </groups>
    <test started-at="2024-09-02T16:55:19 IST" name="Test" finished-at="2024-09-02T16:55:30 IST" duration-ms="11051">
      <class name="com.Amokartproject.registertest.WebpageDataEnterTest">
        <test-method is-config="true" signature="getSuiteConnections()[pri:0, instance:com.Amokartproject.registertest.WebpageDataEnterTest@6b2ea799]" started-at="2024-09-02T16:55:19 IST" name="getSuiteConnections" finished-at="2024-09-02T16:55:19 IST" duration-ms="25" status="PASS">
          <reporter-output>
            <line>
              <![CDATA[get SuiteConnections done Successful]]>
            </line>
          </reporter-output>
        </test-method> <!-- getSuiteConnections -->
        <test-method is-config="true" signature="precondition()[pri:0, instance:com.Amokartproject.registertest.WebpageDataEnterTest@6b2ea799]" started-at="2024-09-02T16:55:19 IST" name="precondition" finished-at="2024-09-02T16:55:19 IST" duration-ms="2" status="PASS">
          <reporter-output>
            <line>
              <![CDATA[Pre Condition Successful]]>
            </line>
          </reporter-output>
        </test-method> <!-- precondition -->
        <test-method is-config="true" signature="browserSetUp(java.lang.String)[pri:0, instance:com.Amokartproject.registertest.WebpageDataEnterTest@6b2ea799]" started-at="2024-09-02T16:55:19 IST" name="browserSetUp" finished-at="2024-09-02T16:55:22 IST" duration-ms="3068" status="PASS">
          <params>
            <param index="0">
              <value>
                <![CDATA[chrome]]>
              </value>
            </param>
          </params>
          <reporter-output>
            <line>
              <![CDATA[BrowserSetup chromesuccessful]]>
            </line>
          </reporter-output>
        </test-method> <!-- browserSetUp -->
        <test-method is-config="true" signature="Login()[pri:0, instance:com.Amokartproject.registertest.WebpageDataEnterTest@6b2ea799]" started-at="2024-09-02T16:55:22 IST" name="Login" finished-at="2024-09-02T16:55:22 IST" duration-ms="1" status="PASS">
          <reporter-output>
            <line>
              <![CDATA[Login Successful]]>
            </line>
          </reporter-output>
        </test-method> <!-- Login -->
        <test-method signature="registerValidData()[pri:0, instance:com.Amokartproject.registertest.WebpageDataEnterTest@6b2ea799]" started-at="2024-09-02T16:55:22 IST" name="registerValidData" finished-at="2024-09-02T16:55:29 IST" duration-ms="7103" status="PASS">
          <reporter-output>
          </reporter-output>
        </test-method> <!-- registerValidData -->
        <test-method is-config="true" signature="Logout()[pri:0, instance:com.Amokartproject.registertest.WebpageDataEnterTest@6b2ea799]" started-at="2024-09-02T16:55:29 IST" name="Logout" finished-at="2024-09-02T16:55:29 IST" duration-ms="1" status="PASS">
          <reporter-output>
            <line>
              <![CDATA[Logout Successful]]>
            </line>
          </reporter-output>
        </test-method> <!-- Logout -->
        <test-method is-config="true" signature="closebrowser()[pri:0, instance:com.Amokartproject.registertest.WebpageDataEnterTest@6b2ea799]" started-at="2024-09-02T16:55:29 IST" name="closebrowser" finished-at="2024-09-02T16:55:30 IST" duration-ms="778" status="PASS">
          <reporter-output>
            <line>
              <![CDATA[CloseBrowser Successful]]>
            </line>
          </reporter-output>
        </test-method> <!-- closebrowser -->
        <test-method is-config="true" signature="postcondition()[pri:0, instance:com.Amokartproject.registertest.WebpageDataEnterTest@6b2ea799]" started-at="2024-09-02T16:55:30 IST" name="postcondition" finished-at="2024-09-02T16:55:30 IST" duration-ms="2" status="PASS">
          <reporter-output>
            <line>
              <![CDATA[Post condition done Successful]]>
            </line>
          </reporter-output>
        </test-method> <!-- postcondition -->
        <test-method is-config="true" signature="terminateSuiteConnections()[pri:0, instance:com.Amokartproject.registertest.WebpageDataEnterTest@6b2ea799]" started-at="2024-09-02T16:55:30 IST" name="terminateSuiteConnections" finished-at="2024-09-02T16:55:30 IST" duration-ms="1" status="PASS">
          <reporter-output>
            <line>
              <![CDATA[terminate SuiteConnections done Successful]]>
            </line>
          </reporter-output>
        </test-method> <!-- terminateSuiteConnections -->
      </class> <!-- com.Amokartproject.registertest.WebpageDataEnterTest -->
    </test> <!-- Test -->
  </suite> <!-- Suite -->
</testng-results>
