<?xml version="1.0" encoding="UTF-8"?>
<!-- Generated by org.testng.reporters.JUnitXMLReporter -->
<testsuite ignored="0" hostname="DESKTOP-KP39UUC" failures="0" tests="3" name="Test" time="29.85" errors="0" timestamp="2024-08-19T12:12:51 IST">
  <testcase classname="com.Amokartproject.electronicproducttest.electronicProductTest" name="addProduct" time="0.096"/>
  <testcase classname="com.Amokartproject.electronicproducttest.electronicProductTest" name="deleteProduct" time="0.007"/>
  <testcase classname="com.Amokartproject.electronicproducttest.electronicProductTest" name="updateProduct" time="0.01"/>
</testsuite> <!-- Test -->
