<?xml version="1.0" encoding="UTF-8"?>
<!-- Generated by org.testng.reporters.JUnitXMLReporter -->
<testsuite ignored="0" hostname="DESKTOP-KP39UUC" failures="0" tests="3" name="Test" time="98.367" errors="0" timestamp="2024-08-19T12:11:10 IST">
  <testcase classname="com.Amokartproject.electronicproducttest.electronicProductTest" name="addProduct" time="0.174"/>
  <testcase classname="com.Amokartproject.electronicproducttest.electronicProductTest" name="deleteProduct" time="0.01"/>
  <testcase classname="com.Amokartproject.electronicproducttest.electronicProductTest" name="updateProduct" time="0.007"/>
</testsuite> <!-- Test -->
