<?xml version="1.0" encoding="UTF-8"?>
<!-- Generated by org.testng.reporters.JUnitXMLReporter -->
<testsuite ignored="0" hostname="DESKTOP-KP39UUC" failures="0" tests="3" name="ChromeTest" time="94.266" errors="0" timestamp="2024-08-26T16:06:51 IST">
  <testcase classname="com.Amokartproject.makeupproducttest.makeupProductTest" name="addProduct" time="0.108"/>
  <testcase classname="com.Amokartproject.makeupproducttest.makeupProductTest" name="deleteProduct" time="0.003"/>
  <testcase classname="com.Amokartproject.makeupproducttest.makeupProductTest" name="updateProduct" time="0.019"/>
</testsuite> <!-- ChromeTest -->
