<?xml version="1.0" encoding="UTF-8"?>
<!-- Generated by org.testng.reporters.JUnitXMLReporter -->
<testsuite ignored="0" hostname="DESKTOP-KP39UUC" failures="0" tests="3" name="EdgeTest" time="94.272" errors="0" timestamp="2024-08-26T16:06:51 IST">
  <testcase classname="com.Amokartproject.producttest.product_commonTest" name="addProduct" time="0.098"/>
  <testcase classname="com.Amokartproject.producttest.product_commonTest" name="deleteProduct" time="0.023"/>
  <testcase classname="com.Amokartproject.producttest.product_commonTest" name="updateProduct" time="0.034"/>
</testsuite> <!-- EdgeTest -->
