<?xml version="1.0" encoding="UTF-8"?>
<!-- Generated by org.testng.reporters.JUnitXMLReporter -->
<testsuite ignored="0" hostname="DESKTOP-KP39UUC" failures="0" tests="3" name="FirefoxTest" time="94.266" errors="0" timestamp="2024-08-26T16:06:51 IST">
  <testcase classname="com.Amokartproject.electronicproducttest.electronicProductTest" name="addProduct" time="0.127"/>
  <testcase classname="com.Amokartproject.electronicproducttest.electronicProductTest" name="deleteProduct" time="0.04"/>
  <testcase classname="com.Amokartproject.electronicproducttest.electronicProductTest" name="updateProduct" time="0.094"/>
</testsuite> <!-- FirefoxTest -->
