<?xml version="1.0" encoding="UTF-8"?>
<!-- Generated by org.testng.reporters.JUnitXMLReporter -->
<testsuite ignored="48" hostname="DESKTOP-KP39UUC" failures="0" tests="39" name="Test" time="72.9" errors="0" timestamp="2024-08-14T11:25:30 IST">
  <testcase classname="com.Amokartproject.producttest.product_commonTest" name="addProduct" time="0.03"/>
  <testcase classname="com.Amokartproject.producttest.product_commonTest" name="deleteProduct" time="0.008"/>
  <testcase classname="com.Amokartproject.producttest.product_commonTest" name="updateProduct" time="0.004"/>
  <testcase classname="com.Amokartproject.kidsproducttest.kidsProduct6Test" name="addProduct" time="0.008"/>
  <testcase classname="com.Amokartproject.kidsproducttest.kidsProduct6Test" name="deleteProduct" time="0.004"/>
  <testcase classname="com.Amokartproject.kidsproducttest.kidsProduct6Test" name="updateProduct" time="0.004"/>
  <testcase classname="com.Amokartproject.kidsproducttest.kidsProduct8Test" name="addProduct" time="0.01"/>
  <testcase classname="com.Amokartproject.kidsproducttest.kidsProduct8Test" name="deleteProduct" time="0.012"/>
  <testcase classname="com.Amokartproject.kidsproducttest.kidsProduct8Test" name="updateProduct" time="0.004"/>
  <testcase classname="com.Amokartproject.makeupproducttest.makeupProductTest" name="addProduct" time="0.004"/>
  <testcase classname="com.Amokartproject.makeupproducttest.makeupProductTest" name="deleteProduct" time="0.006"/>
  <testcase classname="com.Amokartproject.makeupproducttest.makeupProductTest" name="updateProduct" time="0.001"/>
  <testcase classname="com.Amokartproject.kidsproducttest.kidsProduct10Test" name="addProduct" time="0.006"/>
  <testcase classname="com.Amokartproject.kidsproducttest.kidsProduct10Test" name="deleteProduct" time="0.007"/>
  <testcase classname="com.Amokartproject.kidsproducttest.kidsProduct10Test" name="updateProduct" time="0.004"/>
  <testcase classname="com.Amokartproject.kidsproducttest.kidsProduct4Test" name="addProduct" time="0.003"/>
  <testcase classname="com.Amokartproject.kidsproducttest.kidsProduct4Test" name="deleteProduct" time="0.01"/>
  <testcase classname="com.Amokartproject.kidsproducttest.kidsProduct4Test" name="updateProduct" time="0.004"/>
  <testcase classname="com.Amokartproject.kidsproducttest.kidsProduct2Test" name="addProduct" time="0.009"/>
  <testcase classname="com.Amokartproject.kidsproducttest.kidsProduct2Test" name="deleteProduct" time="0.005"/>
  <testcase classname="com.Amokartproject.kidsproducttest.kidsProduct2Test" name="updateProduct" time="0.015"/>
  <testcase classname="com.Amokartproject.electronicproducttest.electronicProductTest" name="addProduct" time="0.004"/>
  <testcase classname="com.Amokartproject.electronicproducttest.electronicProductTest" name="deleteProduct" time="0.009"/>
  <testcase classname="com.Amokartproject.electronicproducttest.electronicProductTest" name="updateProduct" time="0.012"/>
  <testcase classname="com.Amokartproject.kidsproducttest.kidsProduct7Test" name="addProduct" time="0.002"/>
  <testcase classname="com.Amokartproject.kidsproducttest.kidsProduct7Test" name="deleteProduct" time="0.009"/>
  <testcase classname="com.Amokartproject.kidsproducttest.kidsProduct7Test" name="updateProduct" time="0.004"/>
  <testcase classname="com.Amokartproject.kidsproducttest.kidsProduct9Test" name="addProduct" time="0.006"/>
  <testcase classname="com.Amokartproject.kidsproducttest.kidsProduct9Test" name="deleteProduct" time="0.003"/>
  <testcase classname="com.Amokartproject.kidsproducttest.kidsProduct9Test" name="updateProduct" time="0.005"/>
  <testcase classname="com.Amokartproject.kidsproducttest.kidsProduct5Test" name="addProduct" time="0.002"/>
  <testcase classname="com.Amokartproject.kidsproducttest.kidsProduct5Test" name="deleteProduct" time="0.01"/>
  <testcase classname="com.Amokartproject.kidsproducttest.kidsProduct5Test" name="updateProduct" time="0.007"/>
  <testcase classname="com.Amokartproject.kidsproducttest.kidsProduct3Test" name="addProduct" time="0.001"/>
  <testcase classname="com.Amokartproject.kidsproducttest.kidsProduct3Test" name="deleteProduct" time="0.026"/>
  <testcase classname="com.Amokartproject.kidsproducttest.kidsProduct3Test" name="updateProduct" time="0.002"/>
  <testcase classname="com.Amokartproject.kidsproducttest.kidsProduct1Test" name="addProduct" time="0.002"/>
  <testcase classname="com.Amokartproject.kidsproducttest.kidsProduct1Test" name="updateProduct" time="0.016"/>
  <testcase classname="com.Amokartproject.kidsproducttest.kidsProduct1Test" name="deleteProduct" time="0.007"/>
  <testcase classname="com.Amokartproject.generic.common.BaseClass" name="@BeforeSuite getSuiteConnections" time="0.0">
    <ignored/>
  </testcase> <!-- @BeforeSuite getSuiteConnections -->
  <testcase classname="com.Amokartproject.generic.common.BaseClass" name="@BeforeTest precondition" time="0.0">
    <ignored/>
  </testcase> <!-- @BeforeTest precondition -->
  <testcase classname="com.Amokartproject.generic.common.BaseClass" name="@AfterSuite terminateSuiteConnections" time="0.0">
    <ignored/>
  </testcase> <!-- @AfterSuite terminateSuiteConnections -->
  <testcase classname="com.Amokartproject.generic.common.BaseClass" name="@BeforeTest precondition" time="0.0">
    <ignored/>
  </testcase> <!-- @BeforeTest precondition -->
  <testcase classname="com.Amokartproject.generic.common.BaseClass" name="@AfterTest postcondition" time="0.0">
    <ignored/>
  </testcase> <!-- @AfterTest postcondition -->
  <testcase classname="com.Amokartproject.generic.common.BaseClass" name="@BeforeSuite getSuiteConnections" time="0.0">
    <ignored/>
  </testcase> <!-- @BeforeSuite getSuiteConnections -->
  <testcase classname="com.Amokartproject.generic.common.BaseClass" name="@AfterSuite terminateSuiteConnections" time="0.0">
    <ignored/>
  </testcase> <!-- @AfterSuite terminateSuiteConnections -->
  <testcase classname="com.Amokartproject.generic.common.BaseClass" name="@BeforeSuite getSuiteConnections" time="0.0">
    <ignored/>
  </testcase> <!-- @BeforeSuite getSuiteConnections -->
  <testcase classname="com.Amokartproject.generic.common.BaseClass" name="@BeforeSuite getSuiteConnections" time="0.0">
    <ignored/>
  </testcase> <!-- @BeforeSuite getSuiteConnections -->
  <testcase classname="com.Amokartproject.generic.common.BaseClass" name="@AfterTest postcondition" time="0.0">
    <ignored/>
  </testcase> <!-- @AfterTest postcondition -->
  <testcase classname="com.Amokartproject.generic.common.BaseClass" name="@BeforeSuite getSuiteConnections" time="0.0">
    <ignored/>
  </testcase> <!-- @BeforeSuite getSuiteConnections -->
  <testcase classname="com.Amokartproject.generic.common.BaseClass" name="@BeforeTest precondition" time="0.0">
    <ignored/>
  </testcase> <!-- @BeforeTest precondition -->
  <testcase classname="com.Amokartproject.generic.common.BaseClass" name="@BeforeSuite getSuiteConnections" time="0.0">
    <ignored/>
  </testcase> <!-- @BeforeSuite getSuiteConnections -->
  <testcase classname="com.Amokartproject.generic.common.BaseClass" name="@AfterTest postcondition" time="0.0">
    <ignored/>
  </testcase> <!-- @AfterTest postcondition -->
  <testcase classname="com.Amokartproject.generic.common.BaseClass" name="@AfterTest postcondition" time="0.0">
    <ignored/>
  </testcase> <!-- @AfterTest postcondition -->
  <testcase classname="com.Amokartproject.generic.common.BaseClass" name="@BeforeTest precondition" time="0.0">
    <ignored/>
  </testcase> <!-- @BeforeTest precondition -->
  <testcase classname="com.Amokartproject.generic.common.BaseClass" name="@AfterSuite terminateSuiteConnections" time="0.0">
    <ignored/>
  </testcase> <!-- @AfterSuite terminateSuiteConnections -->
  <testcase classname="com.Amokartproject.generic.common.BaseClass" name="@AfterTest postcondition" time="0.0">
    <ignored/>
  </testcase> <!-- @AfterTest postcondition -->
  <testcase classname="com.Amokartproject.generic.common.BaseClass" name="@AfterSuite terminateSuiteConnections" time="0.0">
    <ignored/>
  </testcase> <!-- @AfterSuite terminateSuiteConnections -->
  <testcase classname="com.Amokartproject.generic.common.BaseClass" name="@AfterSuite terminateSuiteConnections" time="0.0">
    <ignored/>
  </testcase> <!-- @AfterSuite terminateSuiteConnections -->
  <testcase classname="com.Amokartproject.generic.common.BaseClass" name="@BeforeSuite getSuiteConnections" time="0.0">
    <ignored/>
  </testcase> <!-- @BeforeSuite getSuiteConnections -->
  <testcase classname="com.Amokartproject.generic.common.BaseClass" name="@BeforeSuite getSuiteConnections" time="0.0">
    <ignored/>
  </testcase> <!-- @BeforeSuite getSuiteConnections -->
  <testcase classname="com.Amokartproject.generic.common.BaseClass" name="@BeforeSuite getSuiteConnections" time="0.0">
    <ignored/>
  </testcase> <!-- @BeforeSuite getSuiteConnections -->
  <testcase classname="com.Amokartproject.generic.common.BaseClass" name="@BeforeTest precondition" time="0.0">
    <ignored/>
  </testcase> <!-- @BeforeTest precondition -->
  <testcase classname="com.Amokartproject.generic.common.BaseClass" name="@AfterSuite terminateSuiteConnections" time="0.0">
    <ignored/>
  </testcase> <!-- @AfterSuite terminateSuiteConnections -->
  <testcase classname="com.Amokartproject.generic.common.BaseClass" name="@BeforeTest precondition" time="0.0">
    <ignored/>
  </testcase> <!-- @BeforeTest precondition -->
  <testcase classname="com.Amokartproject.generic.common.BaseClass" name="@AfterTest postcondition" time="0.0">
    <ignored/>
  </testcase> <!-- @AfterTest postcondition -->
  <testcase classname="com.Amokartproject.generic.common.BaseClass" name="@BeforeSuite getSuiteConnections" time="0.0">
    <ignored/>
  </testcase> <!-- @BeforeSuite getSuiteConnections -->
  <testcase classname="com.Amokartproject.generic.common.BaseClass" name="@BeforeTest precondition" time="0.0">
    <ignored/>
  </testcase> <!-- @BeforeTest precondition -->
  <testcase classname="com.Amokartproject.generic.common.BaseClass" name="@AfterTest postcondition" time="0.0">
    <ignored/>
  </testcase> <!-- @AfterTest postcondition -->
  <testcase classname="com.Amokartproject.generic.common.BaseClass" name="@AfterSuite terminateSuiteConnections" time="0.0">
    <ignored/>
  </testcase> <!-- @AfterSuite terminateSuiteConnections -->
  <testcase classname="com.Amokartproject.generic.common.BaseClass" name="@AfterTest postcondition" time="0.0">
    <ignored/>
  </testcase> <!-- @AfterTest postcondition -->
  <testcase classname="com.Amokartproject.generic.common.BaseClass" name="@AfterSuite terminateSuiteConnections" time="0.0">
    <ignored/>
  </testcase> <!-- @AfterSuite terminateSuiteConnections -->
  <testcase classname="com.Amokartproject.generic.common.BaseClass" name="@BeforeTest precondition" time="0.0">
    <ignored/>
  </testcase> <!-- @BeforeTest precondition -->
  <testcase classname="com.Amokartproject.generic.common.BaseClass" name="@AfterTest postcondition" time="0.0">
    <ignored/>
  </testcase> <!-- @AfterTest postcondition -->
  <testcase classname="com.Amokartproject.generic.common.BaseClass" name="@BeforeTest precondition" time="0.0">
    <ignored/>
  </testcase> <!-- @BeforeTest precondition -->
  <testcase classname="com.Amokartproject.generic.common.BaseClass" name="@BeforeTest precondition" time="0.0">
    <ignored/>
  </testcase> <!-- @BeforeTest precondition -->
  <testcase classname="com.Amokartproject.generic.common.BaseClass" name="@AfterSuite terminateSuiteConnections" time="0.0">
    <ignored/>
  </testcase> <!-- @AfterSuite terminateSuiteConnections -->
  <testcase classname="com.Amokartproject.generic.common.BaseClass" name="@BeforeTest precondition" time="0.0">
    <ignored/>
  </testcase> <!-- @BeforeTest precondition -->
  <testcase classname="com.Amokartproject.generic.common.BaseClass" name="@AfterTest postcondition" time="0.0">
    <ignored/>
  </testcase> <!-- @AfterTest postcondition -->
  <testcase classname="com.Amokartproject.generic.common.BaseClass" name="@AfterSuite terminateSuiteConnections" time="0.0">
    <ignored/>
  </testcase> <!-- @AfterSuite terminateSuiteConnections -->
  <testcase classname="com.Amokartproject.generic.common.BaseClass" name="@AfterSuite terminateSuiteConnections" time="0.0">
    <ignored/>
  </testcase> <!-- @AfterSuite terminateSuiteConnections -->
  <testcase classname="com.Amokartproject.generic.common.BaseClass" name="@BeforeSuite getSuiteConnections" time="0.0">
    <ignored/>
  </testcase> <!-- @BeforeSuite getSuiteConnections -->
  <testcase classname="com.Amokartproject.generic.common.BaseClass" name="@BeforeSuite getSuiteConnections" time="0.0">
    <ignored/>
  </testcase> <!-- @BeforeSuite getSuiteConnections -->
  <testcase classname="com.Amokartproject.generic.common.BaseClass" name="@BeforeTest precondition" time="0.0">
    <ignored/>
  </testcase> <!-- @BeforeTest precondition -->
  <testcase classname="com.Amokartproject.generic.common.BaseClass" name="@AfterSuite terminateSuiteConnections" time="0.0">
    <ignored/>
  </testcase> <!-- @AfterSuite terminateSuiteConnections -->
  <testcase classname="com.Amokartproject.generic.common.BaseClass" name="@AfterTest postcondition" time="0.0">
    <ignored/>
  </testcase> <!-- @AfterTest postcondition -->
  <testcase classname="com.Amokartproject.generic.common.BaseClass" name="@AfterTest postcondition" time="0.0">
    <ignored/>
  </testcase> <!-- @AfterTest postcondition -->
</testsuite> <!-- Test -->
